@I [HLS-0] Workspace /home/cho/hCODE/IPs/ip-loopback/ip-loopback/solution1 opened at Mon Jul 04 16:28:38 JST 2016
@I [HLS-100] Command 'open_solution' returned 0; elapsed 0.003129Total elapsed time: 0.196 sec.
@I [HLS-100] Command "set_part xc7vx485tffg1761-2 "
@I [HLS-100] Command "add_library xilinx/virtex7/virtex7:xc7vx485t:ffg1761:-2 "
@I [HLS-100] Command "get_default_platform "
@I [HLS-100] Command 'get_default_platform' returned 0; elapsed 7e-06Total elapsed time: 0.199 sec.
@I [HLS-100] Command "license_isbetapart xc7vx485t "
@I [HLS-100] Command 'license_isbetapart' returned 1; elapsed 0.005135Total elapsed time: 0.204 sec.
@I [HLS-100] Command "open_platform DefaultPlatform "
@I [HLS-100] Command 'open_platform' returned 0; elapsed 3.6e-05Total elapsed time: 0.205 sec.
@I [HLS-100] Command "import_lib /opt/Xilinx/Vivado_HLS/2015.4/common/technology/xilinx/virtex7/virtex7 "
@I [HLS-100] Command "source /opt/Xilinx/Vivado_HLS/2015.4/common/technology/xilinx/common/xilinx.lib "
@I [HLS-100] Command "source /opt/Xilinx/Vivado_HLS/2015.4/common/technology/xilinx/interface/xilinx_interface.lib "
@I [HLS-100] Command "source /opt/Xilinx/Vivado_HLS/2015.4/common/technology/xilinx/interface/plb46.lib "
@I [HLS-100] Command 'ap_source' returned 0; elapsed 0.000238Total elapsed time: 0.205 sec.
@I [HLS-100] Command "source /opt/Xilinx/Vivado_HLS/2015.4/common/technology/xilinx/interface/fsl.lib "
@I [HLS-100] Command 'ap_source' returned 0; elapsed 0.000118Total elapsed time: 0.205 sec.
@I [HLS-100] Command "source /opt/Xilinx/Vivado_HLS/2015.4/common/technology/xilinx/interface/axi4.lib "
@I [HLS-100] Command 'ap_source' returned 0; elapsed 0.000167Total elapsed time: 0.206 sec.
@I [HLS-100] Command "source /opt/Xilinx/Vivado_HLS/2015.4/common/technology/xilinx/interface/maxi.lib "
@I [HLS-100] Command 'ap_source' returned 0; elapsed 0.000139Total elapsed time: 0.206 sec.
@I [HLS-100] Command "source /opt/Xilinx/Vivado_HLS/2015.4/common/technology/xilinx/interface/saxilite.lib "
@I [HLS-100] Command 'ap_source' returned 0; elapsed 0.000105Total elapsed time: 0.206 sec.
@I [HLS-100] Command 'ap_source' returned 0; elapsed 0.001064Total elapsed time: 0.206 sec.
@I [HLS-100] Command "source /opt/Xilinx/Vivado_HLS/2015.4/common/technology/xilinx/common/dsp48.lib "
@I [HLS-100] Command 'ap_source' returned 0; elapsed 0.000101Total elapsed time: 0.206 sec.
@I [HLS-100] Command "source /opt/Xilinx/Vivado_HLS/2015.4/common/technology/xilinx/ip/xfft.lib "
@I [HLS-100] Command 'ap_source' returned 0; elapsed 8.5e-05Total elapsed time: 0.206 sec.
@I [HLS-100] Command "source /opt/Xilinx/Vivado_HLS/2015.4/common/technology/xilinx/ip/dds_compiler.lib "
@I [HLS-100] Command 'ap_source' returned 0; elapsed 6.5e-05Total elapsed time: 0.207 sec.
@I [HLS-100] Command "source /opt/Xilinx/Vivado_HLS/2015.4/common/technology/xilinx/ip/xfir.lib "
@I [HLS-100] Command 'ap_source' returned 0; elapsed 6.5e-05Total elapsed time: 0.207 sec.
@I [HLS-100] Command 'ap_source' returned 0; elapsed 0.003486Total elapsed time: 0.208 sec.
@I [HLS-100] Command "source /opt/Xilinx/Vivado_HLS/2015.4/common/technology/xilinx/common/xilinx_old.lib "
@I [HLS-100] Command 'ap_source' returned 0; elapsed 0.000603Total elapsed time: 0.210 sec.
@I [HLS-100] Command "source /opt/Xilinx/Vivado_HLS/2015.4/common/technology/xilinx/common/xilinx_vivado.lib "
@I [HLS-100] Command 'ap_source' returned 0; elapsed 0.000503Total elapsed time: 0.211 sec.
@I [HLS-100] Command "source /opt/Xilinx/Vivado_HLS/2015.4/common/technology/xilinx/common/xilinx.hlp "
@I [HLS-100] Command "source /opt/Xilinx/Vivado_HLS/2015.4/common/technology/xilinx/common/target_info.tcl "
@I [HLS-100] Command 'ap_source' returned 0; elapsed 0.000106Total elapsed time: 0.213 sec.
@I [HLS-100] Command "source /opt/Xilinx/Vivado_HLS/2015.4/common/technology/xilinx/interface/xilinx_interface.hlp "
@I [HLS-100] Command "source /opt/Xilinx/Vivado_HLS/2015.4/common/technology/xilinx/interface/maxi.hlp "
@I [HLS-100] Command 'ap_source' returned 0; elapsed 7.9e-05Total elapsed time: 0.213 sec.
@I [HLS-100] Command "source /opt/Xilinx/Vivado_HLS/2015.4/common/technology/xilinx/interface/saxilite.hlp "
@I [HLS-100] Command 'ap_source' returned 0; elapsed 7.8e-05Total elapsed time: 0.213 sec.
@I [HLS-100] Command 'ap_source' returned 0; elapsed 0.000304Total elapsed time: 0.213 sec.
@I [HLS-100] Command "source /opt/Xilinx/Vivado_HLS/2015.4/common/technology/xilinx/common/dsp48.hlp "
@I [HLS-100] Command 'ap_source' returned 0; elapsed 0.000485Total elapsed time: 0.214 sec.
@I [HLS-100] Command 'ap_source' returned 0; elapsed 0.001804Total elapsed time: 0.214 sec.
@I [HLS-100] Command "source /opt/Xilinx/Vivado_HLS/2015.4/common/technology/xilinx/virtex7/dsp48e1.hlp "
@I [HLS-100] Command 'ap_source' returned 0; elapsed 7.3e-05Total elapsed time: 0.214 sec.
@I [HLS-100] Command "get_default_platform "
@I [HLS-100] Command 'get_default_platform' returned 0; elapsed 3e-06Total elapsed time: 0.214 sec.
@I [HLS-100] Command "config_chip_info -quiet -resource  {SLICE 91050 } {LUT 364200 } {FF 728400 } {DSP48E 1260} {BRAM 1590}  "
@I [HLS-100] Command 'config_chip_info' returned 0; elapsed 1.3e-05Total elapsed time: 0.215 sec.
@I [HLS-100] Command "config_chip_info -quiet -speed medium "
@I [HLS-100] Command 'config_chip_info' returned 0; elapsed 3e-06Total elapsed time: 0.215 sec.
@I [HLS-100] Command 'import_lib' returned 0; elapsed 0.010956Total elapsed time: 0.216 sec.
@I [HLS-100] Command "source /opt/Xilinx/Vivado_HLS/2015.4/common/technology/xilinx/virtex7/virtex7.gen "
@I [HLS-100] Command "source /opt/Xilinx/Vivado_HLS/2015.4/common/technology/xilinx/common/virtex.gen "
@I [HLS-100] Command "source /opt/Xilinx/Vivado_HLS/2015.4/common/technology/xilinx/common/xilinx.gen "
@I [HLS-100] Command "source /opt/Xilinx/Vivado_HLS/2015.4/common/technology/xilinx/interface/plb46.gen "
@I [HLS-100] Command 'ap_source' returned 0; elapsed 0.000824Total elapsed time: 0.217 sec.
@I [HLS-100] Command "source /opt/Xilinx/Vivado_HLS/2015.4/common/technology/xilinx/interface/fsl.gen "
@I [HLS-100] Command 'ap_source' returned 0; elapsed 0.00033Total elapsed time: 0.217 sec.
@I [HLS-100] Command "source /opt/Xilinx/Vivado_HLS/2015.4/common/technology/xilinx/interface/axi4.gen "
@I [HLS-100] Command 'ap_source' returned 0; elapsed 0.001582Total elapsed time: 0.219 sec.
@I [HLS-100] Command "source /opt/Xilinx/Vivado_HLS/2015.4/common/technology/xilinx/interface/nativeAXI4.gen "
@I [HLS-100] Command "source /opt/Xilinx/Vivado_HLS/2015.4/common/technology/xilinx/interface/saxilite.gen "
@I [HLS-100] Command 'ap_source' returned 0; elapsed 0.002941Total elapsed time: 0.222 sec.
@I [HLS-100] Command "source /opt/Xilinx/Vivado_HLS/2015.4/common/technology/xilinx/interface/maxi.gen "
@I [HLS-100] Command 'ap_source' returned 0; elapsed 0.005791Total elapsed time: 0.228 sec.
@I [HLS-100] Command 'ap_source' returned 0; elapsed 0.008866Total elapsed time: 0.228 sec.
@I [HLS-100] Command "source /opt/Xilinx/Vivado_HLS/2015.4/common/technology/xilinx/scripts/xilinxcoregen.gen "
@I [HLS-100] Command 'ap_source' returned 0; elapsed 0.006794Total elapsed time: 0.235 sec.
@I [HLS-100] Command "source /opt/Xilinx/Vivado_HLS/2015.4/common/technology/xilinx/interface/XilEDKCoreGen.gen "
@I [HLS-100] Command 'ap_source' returned 0; elapsed 0.006343Total elapsed time: 0.241 sec.
@I [HLS-100] Command "source /opt/Xilinx/Vivado_HLS/2015.4/common/technology/xilinx/ip/util.gen "
@I [HLS-100] Command 'ap_source' returned 0; elapsed 0.000107Total elapsed time: 0.241 sec.
@I [HLS-100] Command "source /opt/Xilinx/Vivado_HLS/2015.4/common/technology/xilinx/ip/dds_compiler.gen "
@I [HLS-100] Command 'ap_source' returned 0; elapsed 0.00258Total elapsed time: 0.244 sec.
@I [HLS-100] Command "source /opt/Xilinx/Vivado_HLS/2015.4/common/technology/xilinx/ip/xfft.gen "
@I [HLS-100] Command 'ap_source' returned 0; elapsed 0.095307Total elapsed time: 0.340 sec.
@I [HLS-100] Command "source /opt/Xilinx/Vivado_HLS/2015.4/common/technology/xilinx/ip/xfir.gen "
@I [HLS-100] Command "source /opt/Xilinx/Vivado_HLS/2015.4/tps/tcl/tcllib1.11.1/struct/list.tcl "
@I [HLS-100] Command "source /opt/Xilinx/Vivado_HLS/2015.4/tps/tcl/tcllib1.11.1/cmdline/cmdline.tcl "
@I [HLS-100] Command 'ap_source' returned 0; elapsed 0.000595Total elapsed time: 0.352 sec.
@I [HLS-100] Command 'ap_source' returned 0; elapsed 0.001363Total elapsed time: 0.352 sec.
@I [HLS-100] Command "source /opt/Xilinx/Vivado_HLS/2015.4/tps/tcl/tcllib1.11.1/math/bignum.tcl "
@I [HLS-100] Command 'ap_source' returned 0; elapsed 0.000463Total elapsed time: 0.361 sec.
@I [HLS-100] Command 'ap_source' returned 0; elapsed 0.026188Total elapsed time: 0.366 sec.
@I [HLS-100] Command 'ap_source' returned 0; elapsed 0.149483Total elapsed time: 0.366 sec.
@I [HLS-100] Command "source /opt/Xilinx/Vivado_HLS/2015.4/common/technology/xilinx/common/dsp48.gen "
@I [HLS-100] Command 'ap_source' returned 0; elapsed 0.000115Total elapsed time: 0.367 sec.
@I [HLS-100] Command 'ap_source' returned 0; elapsed 0.150982Total elapsed time: 0.367 sec.
@I [HLS-100] Command 'ap_source' returned 0; elapsed 0.151091Total elapsed time: 0.367 sec.
@I [HLS-100] Command "get_default_platform "
@I [HLS-100] Command 'get_default_platform' returned 0; elapsed 5e-06Total elapsed time: 0.368 sec.
@I [HLS-100] Command "config_chip_info -quiet -resource  {SLICE 75900 } {LUT 303600 } {FF 607200 } {DSP48E 2800} {BRAM 2060}  "
@I [HLS-100] Command 'config_chip_info' returned 0; elapsed 1.4e-05Total elapsed time: 0.368 sec.
@I [HLS-100] Command "config_chip_info -quiet -speed medium "
@I [HLS-100] Command 'config_chip_info' returned 0; elapsed 3e-06Total elapsed time: 0.368 sec.
@I [HLS-100] Command 'add_library' returned 0; elapsed 0.169117Total elapsed time: 0.368 sec.
@I [HLS-100] Command "add_library xilinx/virtex7/virtex7_fpv6 "
@I [HLS-100] Command "get_default_platform "
@I [HLS-100] Command 'get_default_platform' returned 0; elapsed 3e-06Total elapsed time: 0.368 sec.
@I [HLS-100] Command "open_platform DefaultPlatform "
@I [HLS-100] Command 'open_platform' returned 0; elapsed 5e-06Total elapsed time: 0.369 sec.
@I [HLS-100] Command "import_lib /opt/Xilinx/Vivado_HLS/2015.4/common/technology/xilinx/virtex7/virtex7_fpv6 "
@I [HLS-100] Command "source /opt/Xilinx/Vivado_HLS/2015.4/common/technology/xilinx/common/xilinx_fpv7.lib "
@I [HLS-100] Command "source /opt/Xilinx/Vivado_HLS/2015.4/common/technology/xilinx/common/xilinx_hp.lib "
@I [HLS-100] Command 'ap_source' returned 0; elapsed 0.000536Total elapsed time: 0.369 sec.
@I [HLS-100] Command 'ap_source' returned 0; elapsed 0.00292Total elapsed time: 0.372 sec.
@I [HLS-100] Command "source /opt/Xilinx/Vivado_HLS/2015.4/common/technology/xilinx/common/xilinx_fpv.hlp "
@I [HLS-100] Command "source /opt/Xilinx/Vivado_HLS/2015.4/common/technology/xilinx/common/xilinx.hlp "
@I [HLS-100] Command "source /opt/Xilinx/Vivado_HLS/2015.4/common/technology/xilinx/common/target_info.tcl "
@I [HLS-100] Command 'ap_source' returned 0; elapsed 0.000124Total elapsed time: 0.377 sec.
@I [HLS-100] Command "source /opt/Xilinx/Vivado_HLS/2015.4/common/technology/xilinx/interface/xilinx_interface.hlp "
@I [HLS-100] Command "source /opt/Xilinx/Vivado_HLS/2015.4/common/technology/xilinx/interface/maxi.hlp "
@I [HLS-100] Command 'ap_source' returned 0; elapsed 8.1e-05Total elapsed time: 0.377 sec.
@I [HLS-100] Command "source /opt/Xilinx/Vivado_HLS/2015.4/common/technology/xilinx/interface/saxilite.hlp "
@I [HLS-100] Command 'ap_source' returned 0; elapsed 8.2e-05Total elapsed time: 0.377 sec.
@I [HLS-100] Command 'ap_source' returned 0; elapsed 0.000291Total elapsed time: 0.377 sec.
@I [HLS-100] Command "source /opt/Xilinx/Vivado_HLS/2015.4/common/technology/xilinx/common/dsp48.hlp "
@I [HLS-100] Command 'ap_source' returned 0; elapsed 0.000483Total elapsed time: 0.378 sec.
@I [HLS-100] Command 'ap_source' returned 0; elapsed 0.001784Total elapsed time: 0.378 sec.
@I [HLS-100] Command 'ap_source' returned 0; elapsed 0.00223Total elapsed time: 0.378 sec.
@I [HLS-100] Command "source /opt/Xilinx/Vivado_HLS/2015.4/common/technology/xilinx/virtex7/virtex7_hp.hlp "
@I [HLS-100] Command 'ap_source' returned 0; elapsed 0.000711Total elapsed time: 0.379 sec.
@I [HLS-100] Command 'import_lib' returned 0; elapsed 0.014009Total elapsed time: 0.383 sec.
@I [HLS-100] Command "source /opt/Xilinx/Vivado_HLS/2015.4/common/technology/xilinx/virtex7/virtex7_fpv6.gen "
@I [HLS-100] Command "source /opt/Xilinx/Vivado_HLS/2015.4/common/technology/xilinx/common/xilinx_fpv6.gen "
@I [HLS-100] Command 'ap_source' returned 0; elapsed 0.00125Total elapsed time: 0.384 sec.
@I [HLS-100] Command 'ap_source' returned 0; elapsed 0.00136Total elapsed time: 0.384 sec.
@I [HLS-100] Command 'add_library' returned 0; elapsed 0.016528Total elapsed time: 0.385 sec.
@I [HLS-10] Setting target device to 'xc7vx485tffg1761-2'
@I [HLS-100] Command 'set_part' returned 0; elapsed 0.188163Total elapsed time: 0.385 sec.
@I [HLS-100] Command "create_clock -period 4 -name default "
@I [HLS-100] Command "config_clock -quiet -name default -period 4 -default=false "
@I [SYN-201] Setting up clock 'default' with a period of 4ns.
@I [HLS-100] Command 'config_clock' returned 0; elapsed 4.3e-05Total elapsed time: 0.385 sec.
@I [HLS-100] Command 'create_clock' returned 0; elapsed 0.000704Total elapsed time: 0.386 sec.
@I [HLS-100] Command "set_clock_uncertainty 5% "
@I [HLS-100] Command "config_clock -quiet -name default -uncertainty 0.2 -unit % "
@I [SYN-201] Setting up clock 'default' with an uncertainty of 0.2ns.
@I [HLS-100] Command 'config_clock' returned 0; elapsed 3.3e-05Total elapsed time: 0.387 sec.
@I [HLS-100] Command 'set_clock_uncertainty' returned 0; elapsed 0.001003Total elapsed time: 0.387 sec.
@I [HLS-100] Command "config_rtl -encoding onehot -reset all -reset_level high "
@I [HLS-100] Command 'config_rtl' returned 0; elapsed 0.000448Total elapsed time: 0.387 sec.
@I [HLS-100] Command "csynth_design "
@I [HLS-100] Command "elaborate -effort=medium -skip_syncheck=0 -keep_printf=0 -lm=0 -skip_cdt=0 -skip_transform=0 -ng=0 -g=0 -opt_fp=0 "
@I [HLS-10] Analyzing design file './src/main.cpp' ... 
@0 [HLS-0] Analyzing design file './src/main.cpp' ... 
@I [HLS-0] Compiling one TU...
@I [HLS-0] 
Checking before pre-process: exec clang -fno-limit-debug-info -gcc-toolchain "/opt/Xilinx/Vivado_HLS/2015.4/lnx64/tools/gcc" -hls    -fno-math-errno -c -emit-llvm -O0  -mllvm -disable-llvm-optzns -fno-threadsafe-statics  -fno-use-cxa-atexit  -fno-threadsafe-statics -fno-use-cxa-atexit   -I "/opt/Xilinx/Vivado_HLS/2015.4/lnx64/tools/systemc/include" -I "/opt/Xilinx/Vivado_HLS/2015.4/include" -I "/opt/Xilinx/Vivado_HLS/2015.4/include/ap_sysc" -fexceptions -I "/opt/Xilinx/Vivado_HLS/2015.4/common/technology/autopilot" -include etc/autopilot_ssdm_op.h "./src/main.cpp"  -o "/home/cho/hCODE/IPs/ip-loopback/ip-loopback/solution1/.autopilot/db/main.pp.00.o"

@I [HLS-100] Command "is_encrypted /home/cho/hCODE/IPs/ip-loopback/ip-loopback/solution1/.autopilot/db/main.pp.00.o "
@I [HLS-100] Command 'is_encrypted' returned 0; elapsed 0.000102Total elapsed time: 1.211 sec.
@I [HLS-0] Syntax Checker time: 0 seconds per iteration
@I [HLS-0] 
Source preprocessing: exec clang -fno-limit-debug-info -gcc-toolchain "/opt/Xilinx/Vivado_HLS/2015.4/lnx64/tools/gcc" -hls -fno-exceptions  -D__llvm__  -CC -E "./src/main.cpp"     -fno-math-errno -c -emit-llvm -O0  -mllvm -disable-llvm-optzns -fno-threadsafe-statics  -fno-use-cxa-atexit  -fno-threadsafe-statics -fno-use-cxa-atexit -DAESL_SYN -D__SYNTHESIS__ -D__HLS_SYN__ -I "/opt/Xilinx/Vivado_HLS/2015.4/common/technology/autopilot" -I "/opt/Xilinx/Vivado_HLS/2015.4/common/technology/autopilot/ap_sysc" -include etc/autopilot_ssdm_op.h  -o "/home/cho/hCODE/IPs/ip-loopback/ip-loopback/solution1/.autopilot/db/main.pp.0.cpp"

@I [HLS-0] GCC PP time: 0 seconds per iteration
@I [HLS-100] Command "list_core -type functional_unit "
@I [HLS-100] Command 'list_core' returned 0; elapsed 0.00012Total elapsed time: 1.340 sec.
@I [HLS-0] Marker-Pragma convertor: /home/cho/hCODE/IPs/ip-loopback/ip-loopback/solution1/.autopilot/db/main.pp.0.cpp /home/cho/hCODE/IPs/ip-loopback/ip-loopback/solution1/.autopilot/db/main.pp.0.cpp.ap-line.cpp /home/cho/hCODE/IPs/ip-loopback/ip-loopback/solution1/.autopilot/db/main.pp.0.cpp.ap-line.cpp.CXX 1
@I [HLS-0] 
Source processor: exec /opt/Xilinx/Vivado_HLS/2015.4/tps/lnx64/jre/bin/java -Xmx512m -classpath   "/opt/Xilinx/Vivado_HLS/2015.4/lib/classes/autopilot.sourceprocessor.jar:/opt/Xilinx/Vivado_HLS/2015.4/lib/classes/org.eclipse.cdt.core_5.3.0.xilinx_patch.jar:/opt/Xilinx/Vivado_HLS/2015.4/lib/classes/org.eclipse.core.runtime_3.7.0.v20110110.jar:/opt/Xilinx/Vivado_HLS/2015.4/lib/classes/org.eclipse.equinox.common_3.6.0.v20110523.jar:/opt/Xilinx/Vivado_HLS/2015.4/lib/classes/com.ibm.icu_4.4.2.v20110208.jar:/opt/Xilinx/Vivado_HLS/2015.4/lib/classes/jargs.jar:/opt/Xilinx/Vivado_HLS/2015.4/lnx64/tools/eclipse/plugins/org.eclipse.emf.common_2.10.1.v20150123-0348.jar:/opt/Xilinx/Vivado_HLS/2015.4/lnx64/tools/eclipse/plugins/org.eclipse.emf.ecore_2.10.2.v20150123-0348.jar:/opt/Xilinx/Vivado_HLS/2015.4/lnx64/tools/eclipse/plugins/org.eclipse.emf.ecore.xmi_2.10.2.v20150123-0348.jar:/opt/Xilinx/Vivado_HLS/2015.4/lnx64/tools/eclipse/plugins/com.autoesl.autopilot.ui.directiveFileModel_1.0.0.jar:/opt/Xilinx/Vivado_HLS/2015.4/lnx64/tools/eclipse/plugins/com.autoesl.autopilot.ui.common_1.0.0.jar"  autopilot.sourceprocessor.CParser  "/home/cho/hCODE/IPs/ip-loopback/ip-loopback/solution1/.autopilot/db/main.pp.0.cpp.ap-line.cpp"  -m "ip_loopback" -o "/home/cho/hCODE/IPs/ip-loopback/ip-loopback/solution1/.autopilot/db/main.pp.0.cpp.ap-cdt.cpp" --pp --directive /home/cho/hCODE/IPs/ip-loopback/ip-loopback/solution1/solution1.directive --source /home/cho/hCODE/IPs/ip-loopback/./src/main.cpp --error /home/cho/hCODE/IPs/ip-loopback/ip-loopback/solution1/.autopilot/db --funcunit "AddSub AddSub_DSP AddSubnS DAddSub_fulldsp DAddSub_nodsp DDiv DExp_fulldsp DExp_meddsp DExp_nodsp DLog_fulldsp DLog_meddsp DLog_nodsp DMul_fulldsp DMul_maxdsp DMul_meddsp DMul_nodsp DRSqrt DRecip DSqrt DivnS FAddSub_fulldsp FAddSub_nodsp FDiv FExp_fulldsp FExp_meddsp FExp_nodsp FLog_fulldsp FLog_meddsp FLog_nodsp FMul_fulldsp FMul_maxdsp FMul_meddsp FMul_nodsp FRSqrt_fulldsp FRSqrt_nodsp FRecip_fulldsp FRecip_nodsp FSqrt HAddSub_nodsp HDiv HMul_fulldsp HMul_maxdsp HMul_nodsp HSqrt Mul Mul2S Mul3S Mul4S Mul5S Mul6S Mul_LUT MulnS MuxnS" --ve --vetcl /home/cho/hCODE/IPs/ip-loopback/ip-loopback/solution1/.autopilot/db --ca --es --gf --df --pd --p2d /home/cho/hCODE/IPs/ip-loopback/ip-loopback/solution1/.autopilot/db --sd --scff /home/cho/hCODE/IPs/ip-loopback/ip-loopback/solution1/.autopilot/db/.systemc_flag --ad

@I [HLS-0] Error:Syntax error in source:for (__decltype(__n + 0) __niter = __n;
Error:Missing ; in source:t
Error:Syntax error in source:)
 *__first = __value;
Error:Syntax error in source:for (__decltype(__n + 0) __niter = __n;
Error:Missing ; in source:t
Error:Syntax error in source:)
 *__first = __tmp;
@I [HLS-0] Marker-Pragma convertor: /home/cho/hCODE/IPs/ip-loopback/ip-loopback/solution1/.autopilot/db/main.pp.0.cpp.ap-cdt.cpp /home/cho/hCODE/IPs/ip-loopback/ip-loopback/solution1/.autopilot/db/main.pragma.0.cpp /home/cho/hCODE/IPs/ip-loopback/ip-loopback/solution1/.autopilot/db/main.pragma.0.cpp.ap-line.CXX 0
@I [HLS-100] Command "source /home/cho/hCODE/IPs/ip-loopback/ip-loopback/solution1/.autopilot/db/pragma.status.tcl "
@I [HLS-100] Command 'ap_source' returned 0; elapsed 7e-05Total elapsed time: 9.669 sec.
@I [HLS-0] CDT processor time: 8 seconds per iteration
@I [HLS-0] Pragma handling time: 0 seconds per iteration
@I [HLS-0] 
Source preprocessing: exec clang -fno-limit-debug-info -gcc-toolchain "/opt/Xilinx/Vivado_HLS/2015.4/lnx64/tools/gcc" -hls -fno-exceptions  -D__llvm__  -CC -E "/home/cho/hCODE/IPs/ip-loopback/ip-loopback/solution1/.autopilot/db/main.pragma.1.cpp"     -fno-math-errno -c -emit-llvm -O0  -mllvm -disable-llvm-optzns -fno-threadsafe-statics  -fno-use-cxa-atexit  -fno-threadsafe-statics -fno-use-cxa-atexit -DAESL_SYN -D__SYNTHESIS__ -D__HLS_SYN__ -I "/opt/Xilinx/Vivado_HLS/2015.4/common/technology/autopilot" -I "/opt/Xilinx/Vivado_HLS/2015.4/common/technology/autopilot/ap_sysc" -include etc/autopilot_ssdm_op.h  -o "/home/cho/hCODE/IPs/ip-loopback/ip-loopback/solution1/.autopilot/db/main.pragma.2.cpp"

@I [HLS-0] exec clang -fno-limit-debug-info -gcc-toolchain /opt/Xilinx/Vivado_HLS/2015.4/lnx64/tools/gcc -hls -hls-analyze-label -hls-analyze-pragma -fno-exceptions  -D__llvm__  -w  "/home/cho/hCODE/IPs/ip-loopback/ip-loopback/solution1/.autopilot/db/main.pragma.2.cpp"    -fno-math-errno -c -emit-llvm -O0  -mllvm -disable-llvm-optzns -fno-threadsafe-statics  -fno-use-cxa-atexit -DAESL_SYN -D__SYNTHESIS__ -D__HLS_SYN__ -I "/opt/Xilinx/Vivado_HLS/2015.4/common/technology/autopilot" -I "/opt/Xilinx/Vivado_HLS/2015.4/common/technology/autopilot/ap_sysc" -include etc/autopilot_ssdm_op.h -g -o "/home/cho/hCODE/IPs/ip-loopback/ip-loopback/solution1/.autopilot/db/main.g.bc"
@I [HLS-100] Command "source /home/cho/hCODE/IPs/ip-loopback/ip-loopback/solution1/.autopilot/db/ve_warning.tcl "
@I [HLS-100] Command 'ap_source' returned 0; elapsed 8.9e-05Total elapsed time: 11.562 sec.
@I [HLS-10] Validating synthesis directives ...
@0 [HLS-0] Validating synthesis directives ...
@I [HLS-100] Command "source /home/cho/hCODE/IPs/ip-loopback/ip-loopback/solution1/.autopilot/db/pragma.status.tcl "
@I [HLS-100] Command 'ap_source' returned 0; elapsed 4.3e-05Total elapsed time: 11.563 sec.
@I [HLS-0] Linking all ...
@I [HLS-0] exec llvm-ld  "/home/cho/hCODE/IPs/ip-loopback/ip-loopback/solution1/.autopilot/db/main.bc"  -disable-opt  -L/opt/Xilinx/Vivado_HLS/2015.4/lnx64/lib -lm_basic -o "/home/cho/hCODE/IPs/ip-loopback/ip-loopback/solution1/.autopilot/db/a.o.pre"
@I [HLS-0] Link time: 0 seconds per iteration
@I [HLS-0] Linking all ...
@I [HLS-0] exec llvm-ld  "/home/cho/hCODE/IPs/ip-loopback/ip-loopback/solution1/.autopilot/db/main.g.bc"  -disable-opt  -L/opt/Xilinx/Vivado_HLS/2015.4/lnx64/lib -lm_basic -o "/home/cho/hCODE/IPs/ip-loopback/ip-loopback/solution1/.autopilot/db/a.g.pre"
@I [HLS-0] Link time: 0 seconds per iteration
@I [HLS-100] Command "opt_and_import_c a -opt_level=2 -skip_syncheck=0 -ng=0 -keep_printf=0 "
@I [HLS-100] Command "cleanup_all_models "
@I [HLS-100] Command 'cleanup_all_models' returned 0; elapsed 1.5e-05Total elapsed time: 11.793 sec.
@I [HLS-10] Starting code transformations ...
@0 [HLS-0] Starting code transformations ...
@I [HLS-0] std xform: transform -hls -share-std-xform -always-inline -promote-dbg-pointer  -interface-preproc  -scalarrepl -mem2reg -keep-read-access -instcombine -dce  -promote-dbg-pointer  -bitop-raise  -indvars -loop-simplify -xunroll  -constprop -instcombine -simplifycfg -indvars  -simplifycfg -dce -globaldce  -basicaa  -simplifycfg -mem2reg -globalopt  -global-constprop -deadargelim -instcombine -simplifycfg  -prune-eh -simplifycfg  -scalarrepl -instcombine -reassociate -licm  -simplifycfg -loop-simplify -indvars -instcombine  -simplifycfg -mem2reg -loop-simplify -indvars -instcombine  -gvn -gvn -instcombine -adce  -break-crit-edges  -simplifycfg -loop-delete  -global-array-opt -dce -dse -adce  -find-syn-modules -top ip_loopback  -deadargelim  -mem2reg -instcombine -dce  -presyn-prepare -auto-rom-infer  -interface-preproc  -syn-check -check-rec-only  -find-region -simplifycfg -func-extr -function-inline  -globaldce -mem2reg -instcombine -dce   -gvn -globaldce -adce -adse  -constprop -instcombine -bit-constprop  -instcombine -dce -simplifycfg -bitop-raise  -simplifycfg -dce -loop-delete -reassociate  -globalopt -global-privatize -mem2reg -dce  -global-constprop -pointer-simplify -constprop -dce  -func-inst -deadargelim  -promote-dbg-pointer  -norm-name   /home/cho/hCODE/IPs/ip-loopback/ip-loopback/solution1/.autopilot/db/a.g.0.bc -o /home/cho/hCODE/IPs/ip-loopback/ip-loopback/solution1/.autopilot/db/a.g.1.bc -f  -phase std-opt
@I [HLS-0] Std xform time: 0 seconds per iteration
@I [HLS-100] Command "is_encrypted /home/cho/hCODE/IPs/ip-loopback/ip-loopback/solution1/.autopilot/db/a.g.1.bc "
@I [HLS-100] Command 'is_encrypted' returned 0; elapsed 5.7e-05Total elapsed time: 11.913 sec.
@I [HLS-10] Checking synthesizability ...
@0 [HLS-0] Checking synthesizability ...
@I [HLS-0] syn check 1/2: transform -hls -syn-check -check-rec-only -disaggr -scalarrepl -norm-name -dce  -mem2reg -instcombine  -function-uniquify -directive-preproc -mem2reg -dse -dce -auto-rom-infer -dce  -array-normalize -instcombine -dce  -array-seg-normalize -instcombine -dce  -array-flatten -instcombine -dce  -array-burst -dce  -deadargelim -promote-global-argument  -function-inline -globaldce -dce  -doublePtrSimplify -doublePtrElim -dce  -doublePtrSimplify -promote-dbg-pointer  -dce -scalarrepl -dse -adse -instcombine  -ptrLegalization  -simplifycfg -dce -instcombine  -pointer-simplify -ptrArgReplace -dce -instcombine   -disaggr -scalarrepl -norm-name -dce  -mem2reg -instcombine -ptrLegalization   -simplifycfg -deadargelim  -instcombine -dce -inst-simplify  -function-uniquify -directive-preproc -mem2reg -dse -dce  -globaldce    /home/cho/hCODE/IPs/ip-loopback/ip-loopback/solution1/.autopilot/db/a.g.1.bc -o /home/cho/hCODE/IPs/ip-loopback/ip-loopback/solution1/.autopilot/db/a.g.2.prechk.bc -f
@I [HLS-0] Syn check 1/2 time: 0 seconds per iteration
@I [HLS-0] syn check 2/2: transform -syn-check   /home/cho/hCODE/IPs/ip-loopback/ip-loopback/solution1/.autopilot/db/a.g.2.prechk.bc -o /home/cho/hCODE/IPs/ip-loopback/ip-loopback/solution1/.autopilot/db/a.g.2.bc -f  -phase syn-check
@I [HLS-0] Syn check 2/2 time: 0 seconds per iteration
@I [HLS-0] Compiler optimizing ...
@I [HLS-0] Share syncheck's 1.bc for syn flow: copy /home/cho/hCODE/IPs/ip-loopback/ip-loopback/solution1/.autopilot/db/a.g.1.bc to /home/cho/hCODE/IPs/ip-loopback/ip-loopback/solution1/.autopilot/db/a.o.1.bc
@I [HLS-0] presyn 1: transform -hls -tmp /home/cho/hCODE/IPs/ip-loopback/ip-loopback/solution1/.autopilot/db -type-info  -function-uniquify -directive-preproc -mem2reg -dse -dce  -disaggr -scalarrepl -norm-name -deadargelim  -mem2reg -instcombine -dce -auto-rom-infer -dce -function-uniquify  -resource-proc  -clib-intrinsic-prepare -dce  -func-buffer -dce -array-normalize  -func-legal -instcombine -gvn -constprop -dce   -ptrArgReplace -mem2reg -instcombine -dce  -array-seg-normalize -deadargelim  -instcombine -dce  -pointer-simplify -dce  -port-alignment -dce  -interface-preproc  -data-pack -instcombine -dce   -basicaa -aggr-aa -aggrmodref-aa -aggr-aa -gvn -gvn  -basicaa -aggr-aa -aggrmodref-aa -aggr-aa -dse -adse -adce  -loop-simplify -indvars -instcombine  -gvn -loop-simplify -mem2reg -dce -simplifycfg  -find-region -instcombine  -auto-loop-pipeline  -inst-simplify  -interface-preproc  -indvars -auto-loop-unroll -loop-simplify -loop-bound -xunroll  -constprop -instcombine -simplifycfg -indvars  -simplifycfg -dce -globaldce  -attach-range  -gvn -inst-simplify  -constprop -simplifycfg -dce  -pointer-simplify -dce  -globalopt -constprop -dce  -array-promote -constprop -instcombine -dce  -ptrArgReplace -mem2reg  -instcombine -simplifycfg -dce  -auto-par -instcombine -dce  -array-transform-check  -array-reshape -instcombine -simplifycfg -dce  -ptrArgReplace -deadargelim -mem2reg  -instcombine -simplifycfg -dce   -duplicate-dataflow-processes -globaldce  -array-partition -instcombine -simplifycfg -dce  -ptrArgReplace -global-constprop -deadargelim -mem2reg  -func-legal -instcombine -dce -global-constprop -deadargelim -mem2reg  -instcombine -simplifycfg -dce   -globalopt -constprop -dce  -array-promote -constprop -instcombine -dce  -ptrArgReplace -mem2reg  -instcombine -simplifycfg -dce   -mem-intrinsic-preproc -dce  -global-privatize  -mem2reg -globaldce  -promote-global-argument  -ptrArgReplace -mem2reg -instcombine -dce  -globalopt -mergereturn -simplify-global-access -mem2reg -dce  -pointer-simplify -dce  -functionattrs  -basicaa -aggr-aa -aggrmodref-aa -aggr-aa -gvn -gvn  -basicaa -aggr-aa -aggrmodref-aa -aggr-aa -dse -adse -adce  -inst-simplify -dce -norm-name  -function-inline -globaldce  -func-inst -constprop -instcombine -simplifycfg -dce  -func-legal -dce   -loop-bound  -arraycheck -bitwidthmin -on-by-dataflow  -loop-delete -instcombine -simplifycfg  -globaldce -dce -gvn -deadargelim -dce -loop-simplify -clean-region -simplifycfg -propagate-stable-arguments  -loop-stream -instcombine -simplifycfg -dce -globaldce  -stream-intrinsic-preproc -dce  -check-ap-stream -loop-simplify -eliminate-keepreads  -extract-dataflow-in-loop -loop-simplify -dce -gvn -deadargelim  -check-dataflow-syntax  -legalize-stream-variable -legalize-global -legalize-global-1  -extract-subproc -dce -dead-channel-elimination  -canonicalize-gep -globaldce -dce -gvn -deadargelim  -scalar-propagation -deadargelim -globaldce -mem2reg  -check-dataflow-channels -function-stream -dce -globaldce  -prop-fifo-spec -internal-stream-gen  -canonicalize-gep -globaldce -dce -gvn -deadargelim   -mergereturn -indvars -loop-simplify  -array-stream -instcombine -simplifycfg -dce  -bundle-memfifo-ops -deadargelim    -function-uniquify -directive-preproc -mem2reg -dse -dce  -group-axi-access    -licm -simplifycfg -dce -loop-delete  -norm-name  /home/cho/hCODE/IPs/ip-loopback/ip-loopback/solution1/.autopilot/db/a.o.1.bc -o /home/cho/hCODE/IPs/ip-loopback/ip-loopback/solution1/.autopilot/db/a.o.1.tmp.bc -f
@I [HLS-0] Presyn 1 time: 0 seconds per iteration
@I [HLS-0] presyn 2: transform -hls -keep-callgraph -scalarrepl -mem2reg  -port-alignment -attach-range -dce  -pipe-mux-gen  -indvars -loop-bound  -inst-simplify -instcombine -dce  -merge-array-access -mem2reg -dce  -clean-region -mergereturn -if-conv  -instcombine -dce -constprop  -basicaa -aggr-aa -aggrmodref-aa -aggr-aa -gvn -gvn  -basicaa -aggr-aa -aggrmodref-aa -aggr-aa -dse -adse -adce  -scalarrepl -mem2reg  -global-constprop -deadargelim -deadargelim  -instcombine -dce -simplifycfg    -ptrArgReplace -mem2reg -function-inline  -globaldce -mem2reg -instcombine -dce -expr-balance  -instcombine -dce  -bitwidthmin  -directive-preproc  -inst-rectify -instcombine -dce  -functionattrs  -constprop -instcombine -bit-constprop  -simplify-global-access  -globalopt -globaldce  -inst-simplify -instcombine -elimdeaddata -dce  -loop-delete -simplifycfg   -norm-name /home/cho/hCODE/IPs/ip-loopback/ip-loopback/solution1/.autopilot/db/a.o.1.tmp.bc -o /home/cho/hCODE/IPs/ip-loopback/ip-loopback/solution1/.autopilot/db/a.o.2.bc -f  -phase presyn
@I [HLS-0] Presyn 2 time: 0 seconds per iteration
@I [HLS-100] Command "is_encrypted /home/cho/hCODE/IPs/ip-loopback/ip-loopback/solution1/.autopilot/db/a.o.2.bc "
@I [HLS-100] Command 'is_encrypted' returned 0; elapsed 6.4e-05Total elapsed time: 12.159 sec.
@I [HLS-0] build ssdm: transform -hls  -function-uniquify -auto-function-inline -globaldce  -ptrArgReplace -mem2reg -instcombine -dce  -reset-lda  -loop-simplify -indvars -licm -loop-dep  -loop-bound -licm -loop-simplify -flattenloopnest  -array-flatten -gvn -instcombine -dce  -array-map -dce -func-legal  -gvn -adce -instcombine -cfgopt -simplifycfg -loop-simplify   -array-burst -promote-global-argument -dce  -axi4-lower -array-seg-normalize  -basicaa -aggrmodref-aa -globalsmodref-aa -aggr-aa -gvn -gvn  -basicaa -aggrmodref-aa -globalsmodref-aa -aggr-aa -dse -adse -adce -licm  -inst-simplify -dce  -globaldce -array-stream -eliminate-keepreads -instcombine  -dce   -deadargelim -doublePtrSimplify  -doublePtrElim -dce -doublePtrSimplify -promote-dbg-pointer  -dce -scalarrepl -mem2reg -disaggr -norm-name -mem2reg  -instcombine  -dse -adse -adce -ptrLegalization -dce -auto-rom-infer -array-flatten -dce -instcombine  -loop-rot -constprop -cfgopt -simplifycfg -loop-simplify -indvars -pointer-simplify -dce -loop-bound  -loop-simplify -loop-preproc  -constprop -global-constprop -gvn -mem2reg -instcombine -dce  -loop-merge -dce  -bitwidthmin  -deadargelim -dce  -scalar-propagation -deadargelim -globaldce -mem2reg  -interface-preproc -interface-gen  -deadargelim -directive-preproc -inst-simplify -dce  -gvn -mem2reg -instcombine -dce -adse  -loop-bound  -instcombine -cfgopt -simplifycfg -loop-simplify  -clean-region -io-protocol  -find-region -mem2reg  -bitop-raise  -inst-simplify -inst-rectify -instcombine -adce -deadargelim  -loop-simplify -phi-opt -bitop-raise  -cfgopt -simplifycfg -strip-dead-prototypes  -interface-lower -bitop-lower -intrinsic-lower -auto-function-inline  -basicaa -aggrmodref-aa -globalsmodref-aa -aggr-aa  -inst-simplify -simplifycfg   -mergereturn -inst-simplify -inst-rectify  -dce -bitop-lower  -loop-rewind -pointer-simplify -dce -cfgopt  -read-loop-dep -dce -bitwidth -norm-name -legalize    -cdfg-build  /home/cho/hCODE/IPs/ip-loopback/ip-loopback/solution1/.autopilot/db/a.o.2.bc -o /home/cho/hCODE/IPs/ip-loopback/ip-loopback/solution1/.autopilot/db/a.o.3.bc -f  -phase build-ssdm
@I [HLS-0] Build ssdm time: 0 seconds per iteration
@I [HLS-100] Command "is_encrypted /home/cho/hCODE/IPs/ip-loopback/ip-loopback/solution1/.autopilot/db/a.o.3.bc "
@I [HLS-100] Command 'is_encrypted' returned 0; elapsed 6.6e-05Total elapsed time: 12.281 sec.
@I [HLS-0] Finish building internal data model.
@I [HLS-100] Command 'opt_and_import_c' returned 0; elapsed 0.349503Total elapsed time: 12.308 sec.
@I [HLS-111] Elapsed time: 3.07316 seconds; current memory usage: 64.4 MB.
@I [HLS-100] Command 'elaborate' returned 0; elapsed 2.68769Total elapsed time: 12.308 sec.
@I [HLS-100] Command "autosyn "
@I [HLS-10] Starting hardware synthesis ...
@0 [HLS-0] Starting hardware synthesis ...
@I [HLS-0] Synthesizing C/C++ design ...
@I [HLS-10] Synthesizing 'ip_loopback' ...
@0 [HLS-0] Synthesizing 'ip_loopback' ...
@I [HLS-100] Command "ap_set_top_model ip_loopback "
@I [HLS-100] Command 'ap_set_top_model' returned 0; elapsed 4.3e-05Total elapsed time: 12.309 sec.
@I [HLS-100] Command "get_model_list ip_loopback -filter all-wo-channel -topdown "
@I [HLS-100] Command 'get_model_list' returned 0; elapsed 2.9e-05Total elapsed time: 12.309 sec.
@I [HLS-100] Command "preproc_iomode -model ip_loopback "
@I [HLS-100] Command 'preproc_iomode' returned 0; elapsed 0.000184Total elapsed time: 12.309 sec.
@I [HLS-100] Command "get_model_list ip_loopback -filter all-wo-channel "
@I [HLS-100] Command 'get_model_list' returned 0; elapsed 1.4e-05Total elapsed time: 12.310 sec.
@I [HLS-0] Model list for configure: ip_loopback
@I [HLS-0] Configuring Module : ip_loopback ...
@I [HLS-100] Command "set_default_model ip_loopback "
@I [HLS-100] Command 'set_default_model' returned 0; elapsed 3.1e-05Total elapsed time: 12.310 sec.
@I [HLS-100] Command "apply_spec_resource_limit ip_loopback "
@I [HLS-100] Command 'apply_spec_resource_limit' returned 0; elapsed 1.5e-05Total elapsed time: 12.310 sec.
@I [HLS-0] Model list for preprocess: ip_loopback
@I [HLS-0] Preprocessing Module: ip_loopback ...
@I [HLS-100] Command "set_default_model ip_loopback "
@I [HLS-100] Command 'set_default_model' returned 0; elapsed 2.2e-05Total elapsed time: 12.311 sec.
@I [HLS-100] Command "cdfg_preprocess -model ip_loopback "
@I [HLS-100] Command 'cdfg_preprocess' returned 0; elapsed 0.000245Total elapsed time: 12.311 sec.
@I [HLS-100] Command "rtl_gen_preprocess ip_loopback "
@I [HLS-100] Command 'rtl_gen_preprocess' returned 0; elapsed 0.001185Total elapsed time: 12.312 sec.
@I [HLS-0] Model list for synthesis: ip_loopback
@I [HLS-10] ----------------------------------------------------------------
@0 [HLS-0] ----------------------------------------------------------------
@I [HLS-10] -- Scheduling module 'ip_loopback' 
@0 [HLS-0] -- Scheduling module 'ip_loopback' 
@I [HLS-10] ----------------------------------------------------------------
@0 [HLS-0] ----------------------------------------------------------------
@I [HLS-100] Command "set_default_model ip_loopback "
@I [HLS-100] Command 'set_default_model' returned 0; elapsed 2.2e-05Total elapsed time: 12.313 sec.
@I [HLS-100] Command "schedule -model ip_loopback "
@I [SCHED-11] Starting scheduling ...
@I [SCHED-61] Pipelining function 'ip_loopback'.
@I [SCHED-61] Pipelining result: Target II: 1, Final II: 1, Depth: 1.
@I [SCHED-11] Finished scheduling.
@I [HLS-100] Command 'schedule' returned 0; elapsed 0.060401Total elapsed time: 12.373 sec.
@I [HLS-111] Elapsed time: 0.065228 seconds; current memory usage: 64.7 MB.
@I [HLS-100] Command "report -o /home/cho/hCODE/IPs/ip-loopback/ip-loopback/solution1/.autopilot/db/ip_loopback.verbose.sched.rpt -verbose -f "
@I [HLS-100] Command 'report' returned 0; elapsed 0.000709Total elapsed time: 12.374 sec.
@I [HLS-100] Command "db_write -o /home/cho/hCODE/IPs/ip-loopback/ip-loopback/solution1/.autopilot/db/ip_loopback.sched.adb -f "
@I [HLS-100] Command 'db_write' returned 0; elapsed 0.000546Total elapsed time: 12.375 sec.
@I [HLS-0] Finish scheduling ip_loopback.
@I [HLS-10] ----------------------------------------------------------------
@0 [HLS-0] ----------------------------------------------------------------
@I [HLS-10] -- Exploring micro-architecture for module 'ip_loopback' 
@0 [HLS-0] -- Exploring micro-architecture for module 'ip_loopback' 
@I [HLS-10] ----------------------------------------------------------------
@0 [HLS-0] ----------------------------------------------------------------
@I [HLS-100] Command "set_default_model ip_loopback "
@I [HLS-100] Command 'set_default_model' returned 0; elapsed 1.4e-05Total elapsed time: 12.375 sec.
@I [HLS-100] Command "bind -model ip_loopback "
@I [BIND-110] clear=
@I [BIND-110] debug=
@I [BIND-110] drf=
@I [BIND-110] effort=
@I [BIND-110] fast_refine=
@I [BIND-110] fu_weight=[ 0.0 -- 1.0 ]
@I [BIND-110] global_opt=
@I [BIND-110] gsearch=
@I [BIND-110] help=
@I [BIND-110] help-hidden=
@I [BIND-110] min_mem_port=
@I [BIND-110] min_op=
@I [BIND-110] minreg=
@I [BIND-110] ml=
@I [BIND-110] model=ip_loopback
@I [BIND-110] no_false_path=
@I [BIND-110] no_min_op=
@I [BIND-110] normalize=
@I [BIND-110] quiet=
@I [BIND-110] refine=
@I [BIND-110] reg_weight=[ 0.0 -- 1.0 ]
@I [BIND-110] search=
@I [BIND-110] tight_delay=
@I [BIND-110] verbose=
@I [BIND-110] wFF=
@I [BIND-110] wFU=
@I [BIND-110] wMUX=
@I [BIND-110] wNET=
@I [BIND-100] Starting micro-architecture generation ...
@I [BIND-101] Performing variable lifetime analysis.
@I [BIND-101] Exploring resource sharing.
@I [BIND-101] Binding ...
@I [BIND-100] Finished micro-architecture generation.
@I [HLS-100] Command 'bind' returned 0; elapsed 0.000627Total elapsed time: 12.376 sec.
@I [HLS-111] Elapsed time: 0.002531 seconds; current memory usage: 64.7 MB.
@I [HLS-100] Command "report -o /home/cho/hCODE/IPs/ip-loopback/ip-loopback/solution1/.autopilot/db/ip_loopback.verbose.bind.rpt -verbose -f "
@I [HLS-100] Command 'report' returned 0; elapsed 0.000733Total elapsed time: 12.377 sec.
@I [HLS-100] Command "db_write -o /home/cho/hCODE/IPs/ip-loopback/ip-loopback/solution1/.autopilot/db/ip_loopback.bind.adb -f "
@I [HLS-100] Command 'db_write' returned 0; elapsed 0.000588Total elapsed time: 12.377 sec.
@I [HLS-0] Finish binding ip_loopback.
@I [HLS-100] Command "get_model_list ip_loopback -filter all-wo-channel "
@I [HLS-100] Command 'get_model_list' returned 0; elapsed 1e-05Total elapsed time: 12.377 sec.
@I [HLS-0] Preprocessing for RTLGen ...
@I [HLS-100] Command "rtl_gen_preprocess ip_loopback "
@I [HLS-100] Command 'rtl_gen_preprocess' returned 0; elapsed 0.000408Total elapsed time: 12.378 sec.
@I [HLS-0] Model list for RTL generation: ip_loopback
@I [HLS-10] ----------------------------------------------------------------
@0 [HLS-0] ----------------------------------------------------------------
@I [HLS-10] -- Generating RTL for module 'ip_loopback' 
@0 [HLS-0] -- Generating RTL for module 'ip_loopback' 
@I [HLS-10] ----------------------------------------------------------------
@0 [HLS-0] ----------------------------------------------------------------
@I [HLS-100] Command "create_rtl_model ip_loopback -vendor xilinx -mg_file /home/cho/hCODE/IPs/ip-loopback/ip-loopback/solution1/.autopilot/db/ip_loopback.compgen.tcl "
@I [RTGEN-500] Setting interface mode on port 'ip_loopback/in_V_V' to 'ap_fifo'.
@I [RTGEN-500] Setting interface mode on port 'ip_loopback/out_V_V' to 'ap_fifo'.
@I [RTGEN-500] Setting interface mode on function 'ip_loopback' to 'ap_ctrl_none'.
@I [RTGEN-100] Finished creating RTL model for 'ip_loopback'.
@I [HLS-100] Command 'create_rtl_model' returned 0; elapsed 0.001753Total elapsed time: 12.380 sec.
@I [HLS-111] Elapsed time: 0.004422 seconds; current memory usage: 64.8 MB.
@I [HLS-100] Command "source /home/cho/hCODE/IPs/ip-loopback/ip-loopback/solution1/.autopilot/db/ip_loopback.rtl_wrap.cfg.tcl "
@I [HLS-100] Command 'ap_source' returned 0; elapsed 0.00016Total elapsed time: 12.381 sec.
@I [HLS-100] Command "gen_rtl ip_loopback -istop -style xilinx -tracefl mytrace -tracefmt vcd -traceopt all -f -lang sc -o /home/cho/hCODE/IPs/ip-loopback/ip-loopback/solution1/syn/systemc/ip_loopback -synmodules ip_loopback "
@I [HLS-100] Command 'gen_rtl' returned 0; elapsed 0.000298Total elapsed time: 12.381 sec.
@I [HLS-100] Command "gen_rtl ip_loopback -istop -style xilinx -f -lang vhdl -o /home/cho/hCODE/IPs/ip-loopback/ip-loopback/solution1/syn/vhdl/ip_loopback "
@I [HLS-100] Command 'gen_rtl' returned 0; elapsed 0.001562Total elapsed time: 12.383 sec.
@I [HLS-100] Command "gen_rtl ip_loopback -istop -style xilinx -f -lang vlog -o /home/cho/hCODE/IPs/ip-loopback/ip-loopback/solution1/syn/verilog/ip_loopback "
@I [HLS-100] Command 'gen_rtl' returned 0; elapsed 0.000768Total elapsed time: 12.384 sec.
@I [HLS-100] Command "export_constraint_db -o /home/cho/hCODE/IPs/ip-loopback/ip-loopback/solution1/.autopilot/db/ip_loopback.constraint.tcl -f -tool general "
@I [HLS-100] Command 'export_constraint_db' returned 0; elapsed 4.7e-05Total elapsed time: 12.384 sec.
@I [HLS-100] Command "report -model ip_loopback -o /home/cho/hCODE/IPs/ip-loopback/ip-loopback/solution1/.autopilot/db/ip_loopback.design.xml -verbose -f -dv "
@I [HLS-100] Command 'report' returned 0; elapsed 0.00126Total elapsed time: 12.385 sec.
@I [HLS-100] Command "report -model ip_loopback -o /home/cho/hCODE/IPs/ip-loopback/ip-loopback/solution1/.autopilot/db/ip_loopback.sdaccel.xml -verbose -f -sdaccel "
@I [HLS-100] Command 'report' returned 0; elapsed 0.002082Total elapsed time: 12.387 sec.
@I [HLS-100] Command "gen_tb_info ip_loopback -o /home/cho/hCODE/IPs/ip-loopback/ip-loopback/solution1/.autopilot/db/ip_loopback -p /home/cho/hCODE/IPs/ip-loopback/ip-loopback/solution1/.autopilot/db "
@I [HLS-100] Command 'gen_tb_info' returned 0; elapsed 0.000248Total elapsed time: 12.388 sec.
@I [HLS-100] Command "report -model ip_loopback -o /home/cho/hCODE/IPs/ip-loopback/ip-loopback/solution1/syn/report/ip_loopback_csynth.rpt -f "
@I [HLS-100] Command 'report' returned 0; elapsed 0.001492Total elapsed time: 12.389 sec.
@I [HLS-100] Command "report -model ip_loopback -o /home/cho/hCODE/IPs/ip-loopback/ip-loopback/solution1/syn/report/ip_loopback_csynth.xml -f -x "
@I [HLS-100] Command 'report' returned 0; elapsed 0.000787Total elapsed time: 12.390 sec.
@I [HLS-100] Command "report -model ip_loopback -o /home/cho/hCODE/IPs/ip-loopback/ip-loopback/solution1/.autopilot/db/ip_loopback.verbose.rpt -verbose -f "
@I [HLS-100] Command 'report' returned 0; elapsed 0.002011Total elapsed time: 12.392 sec.
@I [HLS-100] Command "db_write -model ip_loopback -o /home/cho/hCODE/IPs/ip-loopback/ip-loopback/solution1/.autopilot/db/ip_loopback.adb -f "
@I [HLS-100] Command 'db_write' returned 0; elapsed 0.001212Total elapsed time: 12.393 sec.
@I [HLS-100] Command "sc_get_clocks ip_loopback "
@I [HLS-100] Command 'sc_get_clocks' returned 0; elapsed 5e-06Total elapsed time: 12.396 sec.
@I [HLS-100] Command "sc_get_portdomain ip_loopback "
@I [HLS-100] Command 'sc_get_portdomain' returned 0; elapsed 2e-06Total elapsed time: 12.396 sec.
@I [HLS-0] Model list for RTL component generation: ip_loopback
@I [HLS-0] Handling components in module [ip_loopback] ... 
@I [HLS-100] Command "source /home/cho/hCODE/IPs/ip-loopback/ip-loopback/solution1/.autopilot/db/ip_loopback.compgen.tcl "
@I [HLS-100] Command 'ap_source' returned 0; elapsed 0.000103Total elapsed time: 12.396 sec.
@I [HLS-0] Append model ip_loopback
@I [HLS-0] Generating RTL model list ...
@I [HLS-0] All models in this session: ip_loopback
@I [HLS-0] To file: write model ip_loopback
@I [HLS-0] Finished generating RTL model list.


@I [HLS-0] RTL Generation done.
@I [HLS-0] CAS Generation done.
@I [HLS-0] CBC Generation done.
@I [HLS-100] Command "export_ssdm /home/cho/hCODE/IPs/ip-loopback/ip-loopback/solution1/.autopilot/db/a.export.ll "
@I [HLS-100] Command 'export_ssdm' returned 0; elapsed 9.1e-05Total elapsed time: 12.397 sec.
@I [HLS-100] Command "source /home/cho/hCODE/IPs/ip-loopback/ip-loopback/solution1/.autopilot/db/global.setting.tcl "
@I [HLS-100] Command 'ap_source' returned 0; elapsed 0.000135Total elapsed time: 12.399 sec.
@I [HLS-100] Command "source /opt/Xilinx/Vivado_HLS/2015.4/common/technology/generic/autopilot/common.gen "
@I [HLS-100] Command "source /opt/Xilinx/Vivado_HLS/2015.4/common/technology/generic/autopilot/APCoreGen.gen "
@I [HLS-100] Command 'ap_source' returned 0; elapsed 0.00047Total elapsed time: 12.400 sec.
@I [HLS-100] Command 'ap_source' returned 0; elapsed 0.000887Total elapsed time: 12.400 sec.
@I [HLS-100] Command "source /opt/Xilinx/Vivado_HLS/2015.4/common/technology/generic/autopilot/op.gen "
@I [HLS-100] Command 'ap_source' returned 0; elapsed 0.00024Total elapsed time: 12.401 sec.
@I [HLS-100] Command "source /opt/Xilinx/Vivado_HLS/2015.4/common/technology/generic/autopilot/op_simcore.gen "
@I [HLS-100] Command 'ap_source' returned 0; elapsed 0.000705Total elapsed time: 12.401 sec.
@I [HLS-100] Command "source /opt/Xilinx/Vivado_HLS/2015.4/common/technology/generic/autopilot/interface.gen "
@I [HLS-100] Command 'ap_source' returned 0; elapsed 6.5e-05Total elapsed time: 12.401 sec.
@I [HLS-100] Command "source /home/cho/hCODE/IPs/ip-loopback/ip-loopback/solution1/.autopilot/db/global.setting.tcl "
@I [HLS-100] Command 'ap_source' returned 0; elapsed 0.000127Total elapsed time: 12.402 sec.
@I [HLS-100] Command "source /opt/Xilinx/Vivado_HLS/2015.4/common/technology/xilinx/virtex7/virtex7.gen "
@I [HLS-100] Command "source /opt/Xilinx/Vivado_HLS/2015.4/common/technology/xilinx/common/virtex.gen "
@I [HLS-100] Command "source /opt/Xilinx/Vivado_HLS/2015.4/common/technology/xilinx/common/xilinx.gen "
@I [HLS-100] Command "source /opt/Xilinx/Vivado_HLS/2015.4/common/technology/xilinx/interface/plb46.gen "
@I [HLS-100] Command 'ap_source' returned 0; elapsed 0.000951Total elapsed time: 12.403 sec.
@I [HLS-100] Command "source /opt/Xilinx/Vivado_HLS/2015.4/common/technology/xilinx/interface/fsl.gen "
@I [HLS-100] Command 'ap_source' returned 0; elapsed 0.000376Total elapsed time: 12.403 sec.
@I [HLS-100] Command "source /opt/Xilinx/Vivado_HLS/2015.4/common/technology/xilinx/interface/axi4.gen "
@I [HLS-100] Command 'ap_source' returned 0; elapsed 0.001654Total elapsed time: 12.405 sec.
@I [HLS-100] Command "source /opt/Xilinx/Vivado_HLS/2015.4/common/technology/xilinx/interface/nativeAXI4.gen "
@I [HLS-100] Command "source /opt/Xilinx/Vivado_HLS/2015.4/common/technology/xilinx/interface/saxilite.gen "
@I [HLS-100] Command 'ap_source' returned 0; elapsed 0.002956Total elapsed time: 12.408 sec.
@I [HLS-100] Command "source /opt/Xilinx/Vivado_HLS/2015.4/common/technology/xilinx/interface/maxi.gen "
@I [HLS-100] Command 'ap_source' returned 0; elapsed 0.006664Total elapsed time: 12.415 sec.
@I [HLS-100] Command 'ap_source' returned 0; elapsed 0.009763Total elapsed time: 12.415 sec.
@I [HLS-100] Command "source /opt/Xilinx/Vivado_HLS/2015.4/common/technology/xilinx/scripts/xilinxcoregen.gen "
@I [HLS-100] Command 'ap_source' returned 0; elapsed 0.006882Total elapsed time: 12.422 sec.
@I [HLS-100] Command "source /opt/Xilinx/Vivado_HLS/2015.4/common/technology/xilinx/interface/XilEDKCoreGen.gen "
@I [HLS-100] Command 'ap_source' returned 0; elapsed 0.006388Total elapsed time: 12.428 sec.
@I [HLS-100] Command "source /opt/Xilinx/Vivado_HLS/2015.4/common/technology/xilinx/ip/util.gen "
@I [HLS-100] Command 'ap_source' returned 0; elapsed 0.000121Total elapsed time: 12.429 sec.
@I [HLS-100] Command "source /opt/Xilinx/Vivado_HLS/2015.4/common/technology/xilinx/ip/dds_compiler.gen "
@I [HLS-100] Command 'ap_source' returned 0; elapsed 0.002766Total elapsed time: 12.431 sec.
@I [HLS-100] Command "source /opt/Xilinx/Vivado_HLS/2015.4/common/technology/xilinx/ip/xfft.gen "
@I [HLS-100] Command 'ap_source' returned 0; elapsed 0.088388Total elapsed time: 12.520 sec.
@I [HLS-100] Command "source /opt/Xilinx/Vivado_HLS/2015.4/common/technology/xilinx/ip/xfir.gen "
@I [HLS-100] Command 'ap_source' returned 0; elapsed 0.025937Total elapsed time: 12.546 sec.
@I [HLS-100] Command 'ap_source' returned 0; elapsed 0.143832Total elapsed time: 12.546 sec.
@I [HLS-100] Command "source /opt/Xilinx/Vivado_HLS/2015.4/common/technology/xilinx/common/dsp48.gen "
@I [HLS-100] Command 'ap_source' returned 0; elapsed 0.000138Total elapsed time: 12.547 sec.
@I [HLS-100] Command 'ap_source' returned 0; elapsed 0.145404Total elapsed time: 12.548 sec.
@I [HLS-100] Command 'ap_source' returned 0; elapsed 0.145505Total elapsed time: 12.548 sec.
@I [HLS-100] Command "source /opt/Xilinx/Vivado_HLS/2015.4/common/technology/xilinx/virtex7/virtex7_fpv6.gen "
@I [HLS-100] Command "source /opt/Xilinx/Vivado_HLS/2015.4/common/technology/xilinx/common/xilinx_fpv6.gen "
@I [HLS-100] Command 'ap_source' returned 0; elapsed 0.00125Total elapsed time: 12.549 sec.
@I [HLS-100] Command 'ap_source' returned 0; elapsed 0.001354Total elapsed time: 12.549 sec.
@I [HLS-100] Command "source /home/cho/hCODE/IPs/ip-loopback/ip-loopback/solution1/.autopilot/db/global.setting.tcl "
@I [HLS-100] Command 'ap_source' returned 0; elapsed 0.00013Total elapsed time: 12.549 sec.
@I [HLS-100] Command "source /home/cho/hCODE/IPs/ip-loopback/ip-loopback/solution1/.autopilot/db/global.setting.tcl "
@I [HLS-100] Command 'ap_source' returned 0; elapsed 0.000119Total elapsed time: 12.550 sec.
@I [HLS-100] Command "source /home/cho/hCODE/IPs/ip-loopback/ip-loopback/solution1/.autopilot/db/global.setting.tcl "
@I [HLS-100] Command 'ap_source' returned 0; elapsed 0.000116Total elapsed time: 12.550 sec.
@I [HLS-100] Command "source /home/cho/hCODE/IPs/ip-loopback/ip-loopback/solution1/.autopilot/db/global.setting.tcl "
@I [HLS-100] Command 'ap_source' returned 0; elapsed 0.000115Total elapsed time: 12.550 sec.
@I [HLS-100] Command "source /home/cho/hCODE/IPs/ip-loopback/ip-loopback/solution1/.autopilot/db/ip_loopback.compgen.tcl "
@I [HLS-100] Command 'ap_source' returned 0; elapsed 9.6e-05Total elapsed time: 12.551 sec.
@I [HLS-10] Finished generating all RTL models.
@0 [HLS-0] Finished generating all RTL models.
@I [WSYSC-301] Generating RTL SystemC for 'ip_loopback'.
@I [WVHDL-304] Generating RTL VHDL for 'ip_loopback'.
@I [WVLOG-307] Generating RTL Verilog for 'ip_loopback'.
@I [HLS-100] Command 'autosyn' returned 0; elapsed 0.242642Total elapsed time: 12.551 sec.
@I [HLS-100] Command 'csynth_design' returned 0; elapsed 2.93052Total elapsed time: 12.551 sec.
@I [HLS-100] Command "cleanup_all "
@I [HLS-100] Command 'cleanup_all' returned 0; elapsed 0.001515Total elapsed time: 12.553 sec.
