

================================================================
== Vivado HLS Report for 'ip_loopback'
================================================================
* Date:           Mon Jul  4 16:28:50 2016

* Version:        2015.4 (Build 1412921 on Wed Nov 18 09:58:55 AM 2015)
* Project:        ip-loopback
* Solution:       solution1
* Product family: virtex7
* Target device:  xc7vx485tffg1761-2


================================================================
== Performance Estimates
================================================================
+ Timing (ns): 
    * Summary: 
    +--------+-------+----------+------------+
    |  Clock | Target| Estimated| Uncertainty|
    +--------+-------+----------+------------+
    |ap_clk  |   4.00|      2.00|        0.20|
    +--------+-------+----------+------------+

+ Latency (clock cycles): 
    * Summary: 
    +-----+-----+-----+-----+----------+
    |  Latency  |  Interval | Pipeline |
    | min | max | min | max |   Type   |
    +-----+-----+-----+-----+----------+
    |    0|    0|    1|    1| function |
    +-----+-----+-----+-----+----------+

    + Detail: 
        * Instance: 
        N/A

        * Loop: 
        N/A

============================================================
+ Verbose Summary: Synthesis Manager
============================================================
InlineROM: 1
ExposeGlobal: 0
============================================================
+ Verbose Summary: CDFG Model
============================================================
IsTopModel: 1
ResetActiveHigh: 1
IsCombinational: 0
IsDatapathOnly: 0
HasWiredReturn: 1
HasMFsm: 1
HasVarLatency: 0
IsPipeline: 1
IsRtlPipelined: 0
IsInstanceOverlapped: 0
IsDontTouch: 0
HasImplIP: 0
IsGatedGlobalClock: 0

+ Individual pipeline summary: 
  * Pipeline-0: initiation interval (II) = 1, depth = 1


============================================================
+ Verbose Summary: Schedule
============================================================
* Number of FSM states: 1
* Pipeline: 1
  Pipeline-0: II = 1, D = 1, States = { 1 }
* Dataflow Pipeline: 0

* FSM state transitions: 
1 --> 
* FSM state operations: 

 <State 1>: 2.00ns
ST_1: stg_2 [1/1] 0.00ns
:0  call void (...)* @_ssdm_op_SpecBitsMap(i128* %in_V_V), !map !7

ST_1: stg_3 [1/1] 0.00ns
:1  call void (...)* @_ssdm_op_SpecBitsMap(i128* %out_V_V), !map !13

ST_1: stg_4 [1/1] 0.00ns
:2  call void (...)* @_ssdm_op_SpecTopModule([12 x i8]* @ip_loopback_str) nounwind

ST_1: stg_5 [1/1] 0.00ns
:3  call void (...)* @_ssdm_op_SpecPipeline(i32 0, i32 2, i32 1, i32 0, [1 x i8]* @p_str) nounwind

ST_1: stg_6 [1/1] 0.00ns
:4  call void (...)* @_ssdm_op_SpecLatency(i32 0, i32 0, [1 x i8]* @p_str) nounwind

ST_1: stg_7 [1/1] 0.00ns
:5  call void (...)* @_ssdm_op_SpecInterface(i128* %in_V_V, [8 x i8]* @p_str1, i32 0, i32 0, i32 0, i32 100, [1 x i8]* @p_str, [1 x i8]* @p_str, [1 x i8]* @p_str, [1 x i8]* @p_str) nounwind

ST_1: stg_8 [1/1] 0.00ns
:6  call void (...)* @_ssdm_op_SpecInterface(i128* %out_V_V, [8 x i8]* @p_str1, i32 0, i32 0, i32 0, i32 100, [1 x i8]* @p_str, [1 x i8]* @p_str, [1 x i8]* @p_str, [1 x i8]* @p_str) nounwind

ST_1: stg_9 [1/1] 0.00ns
:7  call void (...)* @_ssdm_op_SpecInterface(i32 0, [13 x i8]* @p_str2, i32 0, i32 0, i32 0, i32 0, [1 x i8]* @p_str, [1 x i8]* @p_str, [1 x i8]* @p_str, [1 x i8]* @p_str) nounwind

ST_1: tmp_V [1/1] 1.00ns
:8  %tmp_V = call i128 @_ssdm_op_Read.ap_fifo.volatile.i128P(i128* %in_V_V)

ST_1: stg_11 [1/1] 1.00ns
:9  call void @_ssdm_op_Write.ap_fifo.volatile.i128P(i128* %out_V_V, i128 %tmp_V)

ST_1: stg_12 [1/1] 0.00ns
:10  ret void



============================================================
+ Verbose Summary: Binding
============================================================
STG Binding: 
---------------- STG Properties BEGIN ----------------
- Is combinational: 0
- Is one-state seq: 1
- Is datapath-only: 0
- Is clock enabled: 0
- Is pipelined: 1
- Is top level: 1
Port [ Return ] is wired: 1; IO mode=ap_ctrl_none:ce=0
Port [ in_V_V]:  wired=1; compound=1; hidden=0; nouse=0; global=0; static=0; extern=0; dir=0; type=3; mode=0x7f4396a91b00; pingpong=0; private_global=0; IO mode=ap_fifo:ce=0
Port [ out_V_V]:  wired=1; compound=1; hidden=0; nouse=0; global=0; static=0; extern=0; dir=1; type=3; mode=0x7f4396acff40; pingpong=0; private_global=0; IO mode=ap_fifo:ce=0
---------------- STG Properties END ------------------

---------------- Datapath Model BEGIN ----------------

<LifeTime>
<method=bitvector/>
stg_2  (specbitsmap  ) [ 00]
stg_3  (specbitsmap  ) [ 00]
stg_4  (spectopmodule) [ 00]
stg_5  (specpipeline ) [ 00]
stg_6  (speclatency  ) [ 00]
stg_7  (specinterface) [ 00]
stg_8  (specinterface) [ 00]
stg_9  (specinterface) [ 00]
tmp_V  (read         ) [ 00]
stg_11 (write        ) [ 00]
stg_12 (ret          ) [ 00]
</LifeTime>

<model>

<comp_list>
<comp id="0" class="1000" name="in_V_V">
<pin_list>
<pin id="1" dir="1" index="0" bw="1" slack="0"/>
</pin_list>
<bind>
<StgValue><ssdm name="in_V_V"/></StgValue>
</bind>
</comp>

<comp id="2" class="1000" name="out_V_V">
<pin_list>
<pin id="3" dir="1" index="0" bw="1" slack="0"/>
</pin_list>
<bind>
<StgValue><ssdm name="out_V_V"/></StgValue>
</bind>
</comp>

<comp id="4" class="1001" name="const_4">
<pin_list>
<pin id="5" dir="1" index="0" bw="1" slack="2147483647"/>
</pin_list>
<bind>
<StgValue><ssdm name="_ssdm_op_SpecBitsMap"/></StgValue>
</bind>
</comp>

<comp id="6" class="1001" name="const_6">
<pin_list>
<pin id="7" dir="1" index="0" bw="1" slack="2147483647"/>
</pin_list>
<bind>
<StgValue><ssdm name="_ssdm_op_SpecTopModule"/></StgValue>
</bind>
</comp>

<comp id="8" class="1001" name="const_8">
<pin_list>
<pin id="9" dir="1" index="0" bw="1" slack="2147483647"/>
</pin_list>
<bind>
<StgValue><ssdm name="ip_loopback_str"/></StgValue>
</bind>
</comp>

<comp id="10" class="1001" name="const_10">
<pin_list>
<pin id="11" dir="1" index="0" bw="1" slack="2147483647"/>
</pin_list>
<bind>
<StgValue><ssdm name="_ssdm_op_SpecPipeline"/></StgValue>
</bind>
</comp>

<comp id="12" class="1001" name="const_12">
<pin_list>
<pin id="13" dir="1" index="0" bw="1" slack="2147483647"/>
</pin_list>
<bind>
<StgValue><ssdm name=""/></StgValue>
</bind>
</comp>

<comp id="14" class="1001" name="const_14">
<pin_list>
<pin id="15" dir="1" index="0" bw="1" slack="2147483647"/>
</pin_list>
<bind>
<StgValue><ssdm name=""/></StgValue>
</bind>
</comp>

<comp id="16" class="1001" name="const_16">
<pin_list>
<pin id="17" dir="1" index="0" bw="1" slack="2147483647"/>
</pin_list>
<bind>
<StgValue><ssdm name=""/></StgValue>
</bind>
</comp>

<comp id="18" class="1001" name="const_18">
<pin_list>
<pin id="19" dir="1" index="0" bw="1" slack="2147483647"/>
</pin_list>
<bind>
<StgValue><ssdm name="p_str"/></StgValue>
</bind>
</comp>

<comp id="20" class="1001" name="const_20">
<pin_list>
<pin id="21" dir="1" index="0" bw="1" slack="2147483647"/>
</pin_list>
<bind>
<StgValue><ssdm name="_ssdm_op_SpecLatency"/></StgValue>
</bind>
</comp>

<comp id="22" class="1001" name="const_22">
<pin_list>
<pin id="23" dir="1" index="0" bw="1" slack="2147483647"/>
</pin_list>
<bind>
<StgValue><ssdm name="_ssdm_op_SpecInterface"/></StgValue>
</bind>
</comp>

<comp id="24" class="1001" name="const_24">
<pin_list>
<pin id="25" dir="1" index="0" bw="1" slack="2147483647"/>
</pin_list>
<bind>
<StgValue><ssdm name="p_str1"/></StgValue>
</bind>
</comp>

<comp id="26" class="1001" name="const_26">
<pin_list>
<pin id="27" dir="1" index="0" bw="1" slack="2147483647"/>
</pin_list>
<bind>
<StgValue><ssdm name=""/></StgValue>
</bind>
</comp>

<comp id="28" class="1001" name="const_28">
<pin_list>
<pin id="29" dir="1" index="0" bw="1" slack="2147483647"/>
</pin_list>
<bind>
<StgValue><ssdm name="p_str2"/></StgValue>
</bind>
</comp>

<comp id="30" class="1001" name="const_30">
<pin_list>
<pin id="31" dir="1" index="0" bw="1" slack="0"/>
</pin_list>
<bind>
<StgValue><ssdm name="_ssdm_op_Read.ap_fifo.volatile.i128P"/></StgValue>
</bind>
</comp>

<comp id="32" class="1001" name="const_32">
<pin_list>
<pin id="33" dir="1" index="0" bw="1" slack="0"/>
</pin_list>
<bind>
<StgValue><ssdm name="_ssdm_op_Write.ap_fifo.volatile.i128P"/></StgValue>
</bind>
</comp>

<comp id="34" class="1004" name="tmp_V_read_fu_34">
<pin_list>
<pin id="35" dir="0" index="0" bw="128" slack="0"/>
<pin id="36" dir="0" index="1" bw="128" slack="0"/>
<pin id="37" dir="1" index="2" bw="128" slack="0"/>
</pin_list>
<bind>
<opcode="read(1150) " fcode="read"/>
<opset="tmp_V/1 "/>
</bind>
</comp>

<comp id="40" class="1004" name="stg_11_write_fu_40">
<pin_list>
<pin id="41" dir="0" index="0" bw="0" slack="0"/>
<pin id="42" dir="0" index="1" bw="128" slack="0"/>
<pin id="43" dir="0" index="2" bw="128" slack="0"/>
<pin id="44" dir="1" index="3" bw="0" slack="2147483647"/>
</pin_list>
<bind>
<opcode="write(1151) " fcode="write"/>
<opset="stg_11/1 "/>
</bind>
</comp>

</comp_list>

<net_list>
<net id="38"><net_src comp="30" pin="0"/><net_sink comp="34" pin=0"/></net>

<net id="39"><net_src comp="0" pin="0"/><net_sink comp="34" pin=1"/></net>

<net id="45"><net_src comp="32" pin="0"/><net_sink comp="40" pin=0"/></net>

<net id="46"><net_src comp="2" pin="0"/><net_sink comp="40" pin=1"/></net>

<net id="47"><net_src comp="34" pin="2"/><net_sink comp="40" pin=2"/></net>

</net_list>

</model> 
---------------- Datapath Model END ------------------

* FSMD analyzer results:
  - Output states:
	Port: out_V_V | {1 }
  - Chain level:
	State 1


============================================================
+ Verbose Summary: Datapath Resource usage 
============================================================

* Functional unit list:
|----------|--------------------|
| Operation|   Functional Unit  |
|----------|--------------------|
|   read   |  tmp_V_read_fu_34  |
|----------|--------------------|
|   write  | stg_11_write_fu_40 |
|----------|--------------------|
|   Total  |                    |
|----------|--------------------|

Memories:
N/A

* Register list:
N/A

* Multiplexer (MUX) list: 
|--------|------|------|------|--------|
|  Comp  |  Pin | Size |  BW  | S x BW |
|--------|------|------|------|--------|
|  Total |      |      |      |    0   |
|--------|------|------|------|--------|



* Summary:
+-----------+
|           |
+-----------+
|  Function |
|   Memory  |
|Multiplexer|
|  Register |
+-----------+
|   Total   |
+-----------+
